C51 COMPILER V9.59.0.0   MAIN                                                              04/15/2019 16:07:00 PAGE 1   


C51 COMPILER V9.59.0.0, COMPILATION OF MODULE MAIN
OBJECT MODULE PLACED IN .\Objects\main.obj
COMPILER INVOKED BY: C:\Keil_v5\C51\BIN\C51.EXE main.c OPTIMIZE(8,SPEED) BROWSE DEBUG OBJECTEXTEND PRINT(.\Listings\main
                    -.lst) TABS(2) OBJECT(.\Objects\main.obj)

line level    source

   1          /* Main.c file generated by New Project wizard
   2           *
   3           * Created:   ?? 4? 12 2019
   4           * Processor: 80C52
   5           * Compiler:  Keil for 8051
   6           */
   7          
   8          #include <reg51.h>
   9          #include <stdio.h>
  10          
  11          #define uchar unsigned char
  12          
  13          void delay()
  14          {
  15   1         uchar a,b;
  16   1         for(a=255;a;a--)
  17   1         {
  18   2            for(b=255;b;b--);
  19   2         }
  20   1      }
  21          
  22          void main(void)
  23           { 
  24   1         // Write your code here
  25   1         uchar tmp=0x01;
  26   1         while (1)
  27   1         {
  28   2          // P0=~(1<<7);
  29   2          // P2=0;
  30   2            P0=(~tmp);
  31   2      //      P2=(~tmp);
  32   2            delay();
  33   2            tmp<<=1;
  34   2            if(tmp==0)
  35   2            {
  36   3              tmp=1;
  37   3            }
  38   2         }
  39   1       }


MODULE INFORMATION:   STATIC OVERLAYABLE
   CODE SIZE        =     28    ----
   CONSTANT SIZE    =   ----    ----
   XDATA SIZE       =   ----    ----
   PDATA SIZE       =   ----    ----
   DATA SIZE        =   ----    ----
   IDATA SIZE       =   ----    ----
   BIT SIZE         =   ----    ----
END OF MODULE INFORMATION.


C51 COMPILATION COMPLETE.  0 WARNING(S),  0 ERROR(S)
